<?xml version="1.0" encoding="UTF-8"?>
<!-- Generated by org.testng.reporters.JUnitXMLReporter -->
<testsuite ignored="0" hostname="xps-win11" failures="0" tests="4" name="Default test" time="0.157" errors="0" timestamp="2024-06-27T19:22:52 EDT">
  <testcase classname="learnTestNG.TestNGAnnotations" name="testNGAnnotations" time="0.025"/>
  <testcase classname="learnTestNG.TestNGAnnotations" name="testNGAnnotations1" time="0.003"/>
  <testcase classname="learnTestNG.TestNGAnnotations" name="testNGAnnotations3" time="0.003"/>
  <testcase classname="learnTestNG.TestNGAnnotations" name="testNGAnnotations2" time="0.003"/>
</testsuite> <!-- Default test -->
